<?xml version="1.0" encoding="UTF-8"?>
<testsuite name="Academy Choucair" tests="1" skipped="1" failures="0" errors="0" timestamp="2021-03-08T17:08:34" hostname="DESKTOP-PD0QNO9" time="82.208">
  <properties/>
  <testcase name="Search for a automation course" classname="Academy Choucair" time="82.208">
    <skipped/>
  </testcase>
  <system-out><![CDATA[]]></system-out>
  <system-err><![CDATA[[Test worker] WARN net.thucydides.core.steps.BaseStepListener - stepStarted: net.thucydides.core.steps.ExecutedStepDescription@700fdd3e
[Test worker] WARN net.thucydides.core.steps.BaseStepListener - stepStarted: net.thucydides.core.steps.ExecutedStepDescription@6bd51e92
[Test worker] WARN net.thucydides.core.steps.BaseStepListener - stepStarted: net.thucydides.core.steps.ExecutedStepDescription@17e25b21
mar. 08, 2021 12:08:40 P. M. org.openqa.selenium.remote.DesiredCapabilities chrome
INFORMACIÓN: Using `new ChromeOptions()` is preferred to `DesiredCapabilities.chrome()`
[Test worker] INFO net.serenitybdd.core.webdriver.driverproviders.ProvideNewDriver - Instantiating driver
[Test worker] INFO net.serenitybdd.core.webdriver.driverproviders.ProvideNewDriver - Driver capabilities: Capabilities {acceptInsecureCerts: false, browserName: chrome, chrome.switches: --start-maximized, goog:chromeOptions: {args: [--start-maximized], extensions: []}, loggingPrefs: org.openqa.selenium.logging..., platform: ANY, version: }
Starting ChromeDriver 88.0.4324.96 (68dba2d8a0b149a1d3afac56fa74648032bcf46b-refs/branch-heads/4324@{#1784}) on port 24314
Only local connections are allowed.
Please see https://chromedriver.chromium.org/security-considerations for suggestions on keeping ChromeDriver safe.
ChromeDriver was started successfully.
[1615223326.001][WARNING]: This version of ChromeDriver has not been tested with Chrome version 89.
mar. 08, 2021 12:08:46 P. M. org.openqa.selenium.remote.ProtocolHandshake createSession
INFORMACIÓN: Detected dialect: W3C
[Test worker] WARN net.thucydides.core.steps.BaseStepListener - stepFinished: current outcome:Search for a automation course:Example: {strUser=rpenaa, strPassword=Febrero.2020, strCourse=Metodologia Bancolombia} [Given than brandon wants to learn automation at the academy Choucair
| strUser | strPassword |
| rpenaa | Febrero.2020 | [Paola openup [Paola opens the Choucair academy page]]]
[Test worker] WARN net.thucydides.core.steps.BaseStepListener - stepFinished: current outcome:Search for a automation course:Example: {strUser=rpenaa, strPassword=Febrero.2020, strCourse=Metodologia Bancolombia} [Given than brandon wants to learn automation at the academy Choucair
| strUser | strPassword |
| rpenaa | Febrero.2020 | [Paola openup [Paola opens the Choucair academy page]]]
[Test worker] WARN net.thucydides.core.steps.BaseStepListener - stepStarted: net.thucydides.core.steps.ExecutedStepDescription@4795624f
[Test worker] WARN net.thucydides.core.steps.BaseStepListener - stepStarted: net.thucydides.core.steps.ExecutedStepDescription@7ba70ec2
[Test worker] WARN net.thucydides.core.steps.BaseStepListener - stepFinished: current outcome:Search for a automation course:Example: {strUser=rpenaa, strPassword=Febrero.2020, strCourse=Metodologia Bancolombia} [Given than brandon wants to learn automation at the academy Choucair
| strUser | strPassword |
| rpenaa | Febrero.2020 | [Paola openup [Paola opens the Choucair academy page], Paola login [Paola clicks on button that shows us the form to login]]]
]]></system-err>
</testsuite>
